Using pre-set license
Built from '2020.3/staging' branch; Version is '2020.3.11f1 (99c7afb366b3) revision 10078127'; Using compiler version '192528614'; Build Type 'Release'
OS: 'Windows 10 Pro; OS build 19042.1165; Version 2009; 64bit' Language: 'pt' Physical Memory: 12226 MB
BatchMode: 1, IsHumanControllingUs: 0, StartBugReporterOnCrash: 0, Is64bit: 1, IsPro: 0

 COMMAND LINE ARGUMENTS:
C:\Program Files\Unity\Hub\Editor\2020.3.11f1\Editor\Unity.exe
-adb2
-batchMode
-noUpm
-name
AssetImportWorker0
-projectPath
C:/Users/Guilherme/Desktop/TI/Jogos/WindWing
-logFile
Logs/AssetImportWorker0.log
-srvPort
49304
Successfully changed project path to: C:/Users/Guilherme/Desktop/TI/Jogos/WindWing
C:/Users/Guilherme/Desktop/TI/Jogos/WindWing
Using Asset Import Pipeline V2.
Refreshing native plugins compatible for Editor in 39.78 ms, found 2 plugins.
Preloading 0 native plugins for Editor in 0.00 ms.
Initialize engine version: 2020.3.11f1 (99c7afb366b3)
[Subsystems] Discovering subsystems at path C:/Program Files/Unity/Hub/Editor/2020.3.11f1/Editor/Data/Resources/UnitySubsystems
[Subsystems] Discovering subsystems at path C:/Users/Guilherme/Desktop/TI/Jogos/WindWing/Assets
GfxDevice: creating device client; threaded=0
Direct3D:
    Version:  Direct3D 11.0 [level 11.1]
    Renderer: NVIDIA GeForce GTX 1060 3GB (ID=0x1c02)
    Vendor:   
    VRAM:     2988 MB
    Driver:   27.21.14.5671
Initialize mono
Mono path[0] = 'C:/Program Files/Unity/Hub/Editor/2020.3.11f1/Editor/Data/Managed'
Mono path[1] = 'C:/Program Files/Unity/Hub/Editor/2020.3.11f1/Editor/Data/MonoBleedingEdge/lib/mono/unityjit'
Mono config path = 'C:/Program Files/Unity/Hub/Editor/2020.3.11f1/Editor/Data/MonoBleedingEdge/etc'
Using monoOptions --debugger-agent=transport=dt_socket,embedding=1,server=y,suspend=n,address=127.0.0.1:56988
Begin MonoManager ReloadAssembly
Registering precompiled unity dll's ...
Register platform support module: C:/Program Files/Unity/Hub/Editor/2020.3.11f1/Editor/Data/PlaybackEngines/WindowsStandaloneSupport/UnityEditor.WindowsStandalone.Extensions.dll
Register platform support module: C:/Program Files/Unity/Hub/Editor/2020.3.11f1/Editor/Data/PlaybackEngines/LinuxStandaloneSupport/UnityEditor.LinuxStandalone.Extensions.dll
Registered in 0.005872 seconds.
Native extension for LinuxStandalone target not found
Native extension for WindowsStandalone target not found
Refreshing native plugins compatible for Editor in 42.98 ms, found 2 plugins.
Preloading 0 native plugins for Editor in 0.00 ms.
Mono: successfully reloaded assembly
- Completed reload, in  3.618 seconds
Platform modules already initialized, skipping
Registering precompiled user dll's ...
Registered in 0.008194 seconds.
Begin MonoManager ReloadAssembly
Native extension for LinuxStandalone target not found
Native extension for WindowsStandalone target not found
Refreshing native plugins compatible for Editor in 0.40 ms, found 2 plugins.
Preloading 0 native plugins for Editor in 0.00 ms.
Mono: successfully reloaded assembly
- Completed reload, in  1.345 seconds
Platform modules already initialized, skipping
========================================================================
Worker process is ready to serve import requests
Launched and connected shader compiler UnityShaderCompiler.exe after 0.07 seconds
Refreshing native plugins compatible for Editor in 0.37 ms, found 2 plugins.
Preloading 0 native plugins for Editor in 0.00 ms.
Unloading 1394 Unused Serialized files (Serialized files now loaded: 0)
System memory in use before: 72.8 MB.
System memory in use after: 72.9 MB.

Unloading 19 unused Assets to reduce memory usage. Loaded Objects now: 1841.
Total: 2.091300 ms (FindLiveObjects: 0.152300 ms CreateObjectMapping: 0.055700 ms MarkObjects: 1.752500 ms  DeleteObjects: 0.130000 ms)

========================================================================
Received Import Request.
  path: Assets/Supercyan Free Forest Sample/Prefabs/Mobile/Tree/Fir/Mobile_forestpack_tree_fir_tall.prefab
  artifactKey: Guid(9c78d16e4711178429930c47d8e89427) Importer(815301076,1909f56bfc062723c751e8b465ee728b)
Start importing Assets/Supercyan Free Forest Sample/Prefabs/Mobile/Tree/Fir/Mobile_forestpack_tree_fir_tall.prefab using Guid(9c78d16e4711178429930c47d8e89427) Importer(815301076,1909f56bfc062723c751e8b465ee728b)  -> (artifact id: 'e0f4da0a3a2c86dbc56d6d63591229fb') in 0.165687 seconds
  Import took 0.169353 seconds .

========================================================================
Received Import Request.
  Time since last request: 0.000315 seconds.
  path: Assets/Supercyan Free Forest Sample/Prefabs/Mobile/Tree/Fir
  artifactKey: Guid(e2266355fe2904c49924b05343e664df) Importer(815301076,1909f56bfc062723c751e8b465ee728b)
Start importing Assets/Supercyan Free Forest Sample/Prefabs/Mobile/Tree/Fir using Guid(e2266355fe2904c49924b05343e664df) Importer(815301076,1909f56bfc062723c751e8b465ee728b)  -> (artifact id: '128185107a91797b161d43188de75b6c') in 0.004156 seconds
  Import took 0.007124 seconds .

========================================================================
Received Import Request.
  Time since last request: 0.000309 seconds.
  path: Assets/Supercyan Free Forest Sample/Prefabs/Mobile/Tree
  artifactKey: Guid(3e5c71be91d55394f9078eb682cc716a) Importer(815301076,1909f56bfc062723c751e8b465ee728b)
Start importing Assets/Supercyan Free Forest Sample/Prefabs/Mobile/Tree using Guid(3e5c71be91d55394f9078eb682cc716a) Importer(815301076,1909f56bfc062723c751e8b465ee728b)  -> (artifact id: '8663f25bd03663c40ba0f57b7993e06b') in 0.004039 seconds
  Import took 0.007794 seconds .

========================================================================
Received Import Request.
  Time since last request: 28.172123 seconds.
  path: Assets/Supercyan Free Forest Sample/Prefabs/Mobile/Tree/Leaf
  artifactKey: Guid(d68a2d348cadcc247844a85834d1aaa6) Importer(815301076,1909f56bfc062723c751e8b465ee728b)
Start importing Assets/Supercyan Free Forest Sample/Prefabs/Mobile/Tree/Leaf using Guid(d68a2d348cadcc247844a85834d1aaa6) Importer(815301076,1909f56bfc062723c751e8b465ee728b)  -> (artifact id: 'e1aa94e31060913ffaef453ec7bd887b') in 0.005637 seconds
  Import took 0.009687 seconds .

========================================================================
Received Import Request.
  Time since last request: 0.697215 seconds.
  path: Assets/Supercyan Free Forest Sample/Prefabs/Mobile/Tree/Leaf/Normal
  artifactKey: Guid(8c340112949a7394bb89c52fcdc9a1bd) Importer(815301076,1909f56bfc062723c751e8b465ee728b)
Start importing Assets/Supercyan Free Forest Sample/Prefabs/Mobile/Tree/Leaf/Normal using Guid(8c340112949a7394bb89c52fcdc9a1bd) Importer(815301076,1909f56bfc062723c751e8b465ee728b)  -> (artifact id: '70697542b639057c7ce49c5abaf1837c') in 0.004991 seconds
  Import took 0.008568 seconds .

========================================================================
Received Import Request.
  Time since last request: 0.058149 seconds.
  path: Assets/Supercyan Free Forest Sample/Prefabs/Mobile/Tree/Leaf/Normal/Mobile_forestpack_tree_1_leaf_1.prefab
  artifactKey: Guid(7e0b0adf7ef381644b302ff611ad5bd6) Importer(815301076,1909f56bfc062723c751e8b465ee728b)
Start importing Assets/Supercyan Free Forest Sample/Prefabs/Mobile/Tree/Leaf/Normal/Mobile_forestpack_tree_1_leaf_1.prefab using Guid(7e0b0adf7ef381644b302ff611ad5bd6) Importer(815301076,1909f56bfc062723c751e8b465ee728b)  -> (artifact id: 'a0e1781957bd616f740b7c2f62ff4784') in 0.088870 seconds
  Import took 0.092332 seconds .

========================================================================
Received Import Request.
  Time since last request: 13.490531 seconds.
  path: Assets/Supercyan Free Forest Sample/Prefabs/Mobile/Tree/Treestump
  artifactKey: Guid(ba3c89e981c85b84f9f8ee5bb7de4b50) Importer(815301076,1909f56bfc062723c751e8b465ee728b)
Start importing Assets/Supercyan Free Forest Sample/Prefabs/Mobile/Tree/Treestump using Guid(ba3c89e981c85b84f9f8ee5bb7de4b50) Importer(815301076,1909f56bfc062723c751e8b465ee728b)  -> (artifact id: 'e807843aaaa54940c078808c9d92da82') in 0.013020 seconds
  Import took 0.017280 seconds .

========================================================================
Received Import Request.
  Time since last request: 0.061519 seconds.
  path: Assets/Supercyan Free Forest Sample/Prefabs/Mobile/Tree/Treestump/Mobile_forestpack_tree_stump_1.prefab
  artifactKey: Guid(68dad9db2dc9d2249aa0a58c5d2adc36) Importer(815301076,1909f56bfc062723c751e8b465ee728b)
Start importing Assets/Supercyan Free Forest Sample/Prefabs/Mobile/Tree/Treestump/Mobile_forestpack_tree_stump_1.prefab using Guid(68dad9db2dc9d2249aa0a58c5d2adc36) Importer(815301076,1909f56bfc062723c751e8b465ee728b)  -> (artifact id: '4b75cbbad26520d6af1f74cd8ea39f24') in 0.020590 seconds
  Import took 0.024165 seconds .

========================================================================
Received Prepare
Refreshing native plugins compatible for Editor in 6.14 ms, found 2 plugins.
Preloading 0 native plugins for Editor in 0.00 ms.
Unloading 12 Unused Serialized files (Serialized files now loaded: 0)
System memory in use before: 48.3 MB.
System memory in use after: 48.4 MB.

Unloading 12 unused Assets to reduce memory usage. Loaded Objects now: 1848.
Total: 3.818900 ms (FindLiveObjects: 0.207300 ms CreateObjectMapping: 0.311900 ms MarkObjects: 3.218400 ms  DeleteObjects: 0.080100 ms)

========================================================================
Received Import Request.
  Time since last request: 593.195044 seconds.
  path: Assets/Supercyan Free Forest Sample/Prefabs/Mobile/Stone
  artifactKey: Guid(d4a6858007f12b14f8392b7b63ad68e8) Importer(815301076,1909f56bfc062723c751e8b465ee728b)
Start importing Assets/Supercyan Free Forest Sample/Prefabs/Mobile/Stone using Guid(d4a6858007f12b14f8392b7b63ad68e8) Importer(815301076,1909f56bfc062723c751e8b465ee728b)  -> (artifact id: '71a40de4a3de47fbbb0d1583c0a549dc') in 0.005646 seconds
  Import took 0.009971 seconds .

========================================================================
Received Import Request.
  Time since last request: 0.045438 seconds.
  path: Assets/Supercyan Free Forest Sample/Prefabs/Mobile/Stone/Mobile_forestpack_stone_large_1.prefab
  artifactKey: Guid(652b7496d137e084a84a2e400f3769ff) Importer(815301076,1909f56bfc062723c751e8b465ee728b)
Start importing Assets/Supercyan Free Forest Sample/Prefabs/Mobile/Stone/Mobile_forestpack_stone_large_1.prefab using Guid(652b7496d137e084a84a2e400f3769ff) Importer(815301076,1909f56bfc062723c751e8b465ee728b)  -> (artifact id: 'd8b21c7c3bd6c7962ab975e34d8bf339') in 0.026649 seconds
  Import took 0.030441 seconds .

========================================================================
Received Import Request.
  Time since last request: 0.000338 seconds.
  path: Assets/Supercyan Free Forest Sample/Prefabs/Mobile/Stone/Mobile_forestpack_stone_medium_1.prefab
  artifactKey: Guid(7e473d16764048e40986f54d84b14754) Importer(815301076,1909f56bfc062723c751e8b465ee728b)
Start importing Assets/Supercyan Free Forest Sample/Prefabs/Mobile/Stone/Mobile_forestpack_stone_medium_1.prefab using Guid(7e473d16764048e40986f54d84b14754) Importer(815301076,1909f56bfc062723c751e8b465ee728b)  -> (artifact id: '1f60fc0e7a25d51622996e73a42d51fe') in 0.025852 seconds
  Import took 0.029135 seconds .

========================================================================
Received Import Request.
  Time since last request: 0.001872 seconds.
  path: Assets/Supercyan Free Forest Sample/Prefabs/Mobile/Stone/Mobile_forestpack_stone_medium_1.prefab
  artifactKey: Guid(7e473d16764048e40986f54d84b14754) Importer(815301076,1909f56bfc062723c751e8b465ee728b)
Start importing Assets/Supercyan Free Forest Sample/Prefabs/Mobile/Stone/Mobile_forestpack_stone_medium_1.prefab using Guid(7e473d16764048e40986f54d84b14754) Importer(815301076,1909f56bfc062723c751e8b465ee728b)  -> (artifact id: '1f60fc0e7a25d51622996e73a42d51fe') in 0.024505 seconds
  Import took 0.028210 seconds .

========================================================================
Received Import Request.
  Time since last request: 4.182604 seconds.
  path: Assets/Supercyan Free Forest Sample/Prefabs/Mobile/Foliage/Grass
  artifactKey: Guid(a251d1edd0885df41a12500d4941aec6) Importer(815301076,1909f56bfc062723c751e8b465ee728b)
Start importing Assets/Supercyan Free Forest Sample/Prefabs/Mobile/Foliage/Grass using Guid(a251d1edd0885df41a12500d4941aec6) Importer(815301076,1909f56bfc062723c751e8b465ee728b)  -> (artifact id: '75aeaa0b2177091b7e1e00f0b63d5a8b') in 0.005653 seconds
  Import took 0.009490 seconds .

========================================================================
Received Import Request.
  Time since last request: 0.047531 seconds.
  path: Assets/Supercyan Free Forest Sample/Prefabs/Mobile/Foliage/Grass/Mobile_forestpack_foliage_grassPatch_small_1.prefab
  artifactKey: Guid(b2e600f943c41f34a89a2843ea98a353) Importer(815301076,1909f56bfc062723c751e8b465ee728b)
Start importing Assets/Supercyan Free Forest Sample/Prefabs/Mobile/Foliage/Grass/Mobile_forestpack_foliage_grassPatch_small_1.prefab using Guid(b2e600f943c41f34a89a2843ea98a353) Importer(815301076,1909f56bfc062723c751e8b465ee728b)  -> (artifact id: '3836d6bb2582a87a4767a6176b1d9af5') in 0.017957 seconds
  Import took 0.022260 seconds .

========================================================================
Received Import Request.
  Time since last request: 0.000362 seconds.
  path: Assets/Supercyan Free Forest Sample/Prefabs/Mobile/Foliage/Grass/Mobile_forestpack_foliage_grassPatch_small_2.prefab
  artifactKey: Guid(fcd7ea59a703cb64dada04e84ec8a7e4) Importer(815301076,1909f56bfc062723c751e8b465ee728b)
Start importing Assets/Supercyan Free Forest Sample/Prefabs/Mobile/Foliage/Grass/Mobile_forestpack_foliage_grassPatch_small_2.prefab using Guid(fcd7ea59a703cb64dada04e84ec8a7e4) Importer(815301076,1909f56bfc062723c751e8b465ee728b)  -> (artifact id: 'ecb8d924175032490238c2bf176c4f11') in 0.020674 seconds
  Import took 0.024989 seconds .

========================================================================
Received Import Request.
  Time since last request: 0.004537 seconds.
  path: Assets/Supercyan Free Forest Sample/Prefabs/Mobile/Foliage/Grass/Mobile_forestpack_foliage_grassPatch_small_2.prefab
  artifactKey: Guid(fcd7ea59a703cb64dada04e84ec8a7e4) Importer(815301076,1909f56bfc062723c751e8b465ee728b)
Start importing Assets/Supercyan Free Forest Sample/Prefabs/Mobile/Foliage/Grass/Mobile_forestpack_foliage_grassPatch_small_2.prefab using Guid(fcd7ea59a703cb64dada04e84ec8a7e4) Importer(815301076,1909f56bfc062723c751e8b465ee728b)  -> (artifact id: 'ecb8d924175032490238c2bf176c4f11') in 0.018624 seconds
  Import took 0.023584 seconds .

========================================================================
Received Import Request.
  Time since last request: 62.900479 seconds.
  path: Assets/Supercyan Free Forest Sample/Models
  artifactKey: Guid(0d16334b89c473140a16455f5e844d76) Importer(815301076,1909f56bfc062723c751e8b465ee728b)
Start importing Assets/Supercyan Free Forest Sample/Models using Guid(0d16334b89c473140a16455f5e844d76) Importer(815301076,1909f56bfc062723c751e8b465ee728b)  -> (artifact id: '011bd82c84db62b90ce63e73eaf6469b') in 0.007790 seconds
  Import took 0.013324 seconds .

========================================================================
Received Import Request.
  Time since last request: 4.845778 seconds.
  path: Assets/Supercyan Free Forest Sample/Terrains
  artifactKey: Guid(4c8e90fed087c3a4599b387d34f2635b) Importer(815301076,1909f56bfc062723c751e8b465ee728b)
Start importing Assets/Supercyan Free Forest Sample/Terrains using Guid(4c8e90fed087c3a4599b387d34f2635b) Importer(815301076,1909f56bfc062723c751e8b465ee728b)  -> (artifact id: 'b1c6f639ddb4e36cca7a5d473a3e27c4') in 0.005358 seconds
  Import took 0.013061 seconds .

========================================================================
Received Import Request.
  Time since last request: 0.046537 seconds.
  path: Assets/Supercyan Free Forest Sample/Terrains/DemoTerrain.asset
  artifactKey: Guid(9fd0999bcdb5b874882e73d08ff0d45d) Importer(815301076,1909f56bfc062723c751e8b465ee728b)
Start importing Assets/Supercyan Free Forest Sample/Terrains/DemoTerrain.asset using Guid(9fd0999bcdb5b874882e73d08ff0d45d) Importer(815301076,1909f56bfc062723c751e8b465ee728b)  -> (artifact id: '12b7d7c61df64c636821746d8840c9d2') in 0.041141 seconds
  Import took 0.044735 seconds .

========================================================================
Received Import Request.
  Time since last request: 0.000347 seconds.
  path: Assets/Supercyan Free Forest Sample/Terrains/TerrainData_13331764-c7c9-4032-91b9-29432090ef68.asset
  artifactKey: Guid(540607dc691ce464a8435878fec43162) Importer(815301076,1909f56bfc062723c751e8b465ee728b)
Start importing Assets/Supercyan Free Forest Sample/Terrains/TerrainData_13331764-c7c9-4032-91b9-29432090ef68.asset using Guid(540607dc691ce464a8435878fec43162) Importer(815301076,1909f56bfc062723c751e8b465ee728b)  -> (artifact id: '3598a871242917d39780e26ee4e34833') in 0.021535 seconds
  Import took 0.025713 seconds .

========================================================================
Received Import Request.
  Time since last request: 0.000370 seconds.
  path: Assets/Supercyan Free Forest Sample/Terrains/TerrainData_d13832b0-1dcf-4c04-9039-de06715b2338.asset
  artifactKey: Guid(fca8c2450d3e43a498d0db6c8d3b3474) Importer(815301076,1909f56bfc062723c751e8b465ee728b)
Start importing Assets/Supercyan Free Forest Sample/Terrains/TerrainData_d13832b0-1dcf-4c04-9039-de06715b2338.asset using Guid(fca8c2450d3e43a498d0db6c8d3b3474) Importer(815301076,1909f56bfc062723c751e8b465ee728b)  -> (artifact id: '85ab663d1d1efb880d1c13e58034071c') in 0.018234 seconds
  Import took 0.022159 seconds .

========================================================================
Received Import Request.
  Time since last request: 0.000365 seconds.
  path: Assets/Supercyan Free Forest Sample/Terrains/TerrainData_4964291a-7d75-4e2d-beeb-62187a6e6b55.asset
  artifactKey: Guid(380bca81403f09f44a8d08943521c265) Importer(815301076,1909f56bfc062723c751e8b465ee728b)
Start importing Assets/Supercyan Free Forest Sample/Terrains/TerrainData_4964291a-7d75-4e2d-beeb-62187a6e6b55.asset using Guid(380bca81403f09f44a8d08943521c265) Importer(815301076,1909f56bfc062723c751e8b465ee728b)  -> (artifact id: '540b715d590b4810aef240b50fee556c') in 0.026136 seconds
  Import took 0.029938 seconds .

========================================================================
Received Import Request.
  Time since last request: 7.860916 seconds.
  path: Assets/Supercyan Free Forest Sample/Textures
  artifactKey: Guid(7d2966db771d5db42a2d1ce112d24fc6) Importer(815301076,1909f56bfc062723c751e8b465ee728b)
Start importing Assets/Supercyan Free Forest Sample/Textures using Guid(7d2966db771d5db42a2d1ce112d24fc6) Importer(815301076,1909f56bfc062723c751e8b465ee728b)  -> (artifact id: 'e4e04cc398866d509dd43dd594a9f3a2') in 0.005400 seconds
  Import took 0.010435 seconds .

========================================================================
Received Import Request.
  Time since last request: 2.275730 seconds.
  path: Assets/Supercyan Free Forest Sample/Textures/Tree
  artifactKey: Guid(a4f5f3a8c02e38645b3460d430c73f7b) Importer(815301076,1909f56bfc062723c751e8b465ee728b)
Start importing Assets/Supercyan Free Forest Sample/Textures/Tree using Guid(a4f5f3a8c02e38645b3460d430c73f7b) Importer(815301076,1909f56bfc062723c751e8b465ee728b)  -> (artifact id: 'c63c77d66d5a4330fccf571ecb512d1d') in 0.006533 seconds
  Import took 0.010660 seconds .

========================================================================
Received Import Request.
  Time since last request: 0.960255 seconds.
  path: Assets/Supercyan Free Forest Sample/Textures/Tree/Treestump
  artifactKey: Guid(79c4b1d4bcc7ab0449473b9ff81cf70d) Importer(815301076,1909f56bfc062723c751e8b465ee728b)
Start importing Assets/Supercyan Free Forest Sample/Textures/Tree/Treestump using Guid(79c4b1d4bcc7ab0449473b9ff81cf70d) Importer(815301076,1909f56bfc062723c751e8b465ee728b)  -> (artifact id: 'dafe4efce2b9546f99d4049f69ce2318') in 0.007964 seconds
  Import took 0.012199 seconds .

========================================================================
Received Import Request.
  Time since last request: 0.062213 seconds.
  path: Assets/Supercyan Free Forest Sample/Textures/Tree/Treestump/forestpack_treeStumpAndRoot_diffuse.png
  artifactKey: Guid(62d93e6697138744980b64e320f9c356) Importer(815301076,1909f56bfc062723c751e8b465ee728b)
Start importing Assets/Supercyan Free Forest Sample/Textures/Tree/Treestump/forestpack_treeStumpAndRoot_diffuse.png using Guid(62d93e6697138744980b64e320f9c356) Importer(815301076,1909f56bfc062723c751e8b465ee728b)  -> (artifact id: 'e2ed615a166fdc2e4472f3ab04af918d') in 0.084976 seconds
  Import took 0.088406 seconds .

========================================================================
Received Import Request.
  Time since last request: 6.354925 seconds.
  path: Assets/Supercyan Free Forest Sample/Textures/Ground
  artifactKey: Guid(c677c28c3b0a9674ab9be09764ceafa4) Importer(815301076,1909f56bfc062723c751e8b465ee728b)
Start importing Assets/Supercyan Free Forest Sample/Textures/Ground using Guid(c677c28c3b0a9674ab9be09764ceafa4) Importer(815301076,1909f56bfc062723c751e8b465ee728b)  -> (artifact id: 'c00ecd54b1ac9742ab0c2b21b83b8c0a') in 0.009601 seconds
  Import took 0.016200 seconds .

========================================================================
Received Import Request.
  Time since last request: 0.001314 seconds.
  path: Assets/Supercyan Free Forest Sample/Textures/Ground
  artifactKey: Guid(c677c28c3b0a9674ab9be09764ceafa4) Importer(815301076,1909f56bfc062723c751e8b465ee728b)
Start importing Assets/Supercyan Free Forest Sample/Textures/Ground using Guid(c677c28c3b0a9674ab9be09764ceafa4) Importer(815301076,1909f56bfc062723c751e8b465ee728b)  -> (artifact id: 'c00ecd54b1ac9742ab0c2b21b83b8c0a') in 0.004754 seconds
  Import took 0.008706 seconds .

========================================================================
Received Import Request.
  Time since last request: 0.983866 seconds.
  path: Assets/Supercyan Free Forest Sample/Textures/Ground/forestpack_moss_light_tile_diffuse.png
  artifactKey: Guid(4900b2b933f056247806df532f93e2b9) Importer(815301076,1909f56bfc062723c751e8b465ee728b)
Start importing Assets/Supercyan Free Forest Sample/Textures/Ground/forestpack_moss_light_tile_diffuse.png using Guid(4900b2b933f056247806df532f93e2b9) Importer(815301076,1909f56bfc062723c751e8b465ee728b)  -> (artifact id: '159cbd055236f9ef63f7293497177122') in 0.017421 seconds
  Import took 0.020897 seconds .

========================================================================
Received Import Request.
  Time since last request: 0.000434 seconds.
  path: Assets/Supercyan Free Forest Sample/Textures/Ground/forestpack_road_tile_diffuse.png
  artifactKey: Guid(c3c4673abc7f1ac4e981951aabacc969) Importer(815301076,1909f56bfc062723c751e8b465ee728b)
Start importing Assets/Supercyan Free Forest Sample/Textures/Ground/forestpack_road_tile_diffuse.png using Guid(c3c4673abc7f1ac4e981951aabacc969) Importer(815301076,1909f56bfc062723c751e8b465ee728b)  -> (artifact id: 'f5173c1630da3580399ceedf2d40723d') in 0.025993 seconds
  Import took 0.030557 seconds .

========================================================================
Received Import Request.
  Time since last request: 0.000454 seconds.
  path: Assets/Supercyan Free Forest Sample/Textures/Ground/forestpack_texture_rock_tile_diffuse.png
  artifactKey: Guid(663e42f73ce2d4c4da1a7bd245ba91a2) Importer(815301076,1909f56bfc062723c751e8b465ee728b)
Start importing Assets/Supercyan Free Forest Sample/Textures/Ground/forestpack_texture_rock_tile_diffuse.png using Guid(663e42f73ce2d4c4da1a7bd245ba91a2) Importer(815301076,1909f56bfc062723c751e8b465ee728b)  -> (artifact id: '35273d8384474fb7e594b3db8a2084af') in 0.023114 seconds
  Import took 0.027421 seconds .

========================================================================
Received Import Request.
  Time since last request: 7.200704 seconds.
  path: Assets/Supercyan Free Forest Sample/TerrainLayers
  artifactKey: Guid(b400aa51b5e6c3941a47ce7dbda137f9) Importer(815301076,1909f56bfc062723c751e8b465ee728b)
Start importing Assets/Supercyan Free Forest Sample/TerrainLayers using Guid(b400aa51b5e6c3941a47ce7dbda137f9) Importer(815301076,1909f56bfc062723c751e8b465ee728b)  -> (artifact id: 'ee6758b18b28b0bbf95290f4e5fb00d7') in 0.005602 seconds
  Import took 0.010500 seconds .

========================================================================
Received Import Request.
  Time since last request: 0.045585 seconds.
  path: Assets/Supercyan Free Forest Sample/TerrainLayers/forestpack_moss_light_terrainlayer.terrainlayer
  artifactKey: Guid(b8bc1310bbf53544a889924a5126d8d7) Importer(815301076,1909f56bfc062723c751e8b465ee728b)
Start importing Assets/Supercyan Free Forest Sample/TerrainLayers/forestpack_moss_light_terrainlayer.terrainlayer using Guid(b8bc1310bbf53544a889924a5126d8d7) Importer(815301076,1909f56bfc062723c751e8b465ee728b)  -> (artifact id: 'fbdf89a9fa01c9c06e0806f127d0f7f8') in 0.033808 seconds
  Import took 0.037328 seconds .

========================================================================
Received Import Request.
  Time since last request: 0.000288 seconds.
  path: Assets/Supercyan Free Forest Sample/TerrainLayers/forestpack_road_terrailayer.terrainlayer
  artifactKey: Guid(808645e3ae431f64db2047340b764882) Importer(815301076,1909f56bfc062723c751e8b465ee728b)
Start importing Assets/Supercyan Free Forest Sample/TerrainLayers/forestpack_road_terrailayer.terrainlayer using Guid(808645e3ae431f64db2047340b764882) Importer(815301076,1909f56bfc062723c751e8b465ee728b)  -> (artifact id: '5e3fb8a3cac9f5d005be3a7fdb524b86') in 0.020932 seconds
  Import took 0.025303 seconds .

========================================================================
Received Import Request.
  Time since last request: 0.000451 seconds.
  path: Assets/Supercyan Free Forest Sample/TerrainLayers/forestpack_rock_terrainlayer.terrainlayer
  artifactKey: Guid(36b02f9ded11447479d70224404a762b) Importer(815301076,1909f56bfc062723c751e8b465ee728b)
Start importing Assets/Supercyan Free Forest Sample/TerrainLayers/forestpack_rock_terrainlayer.terrainlayer using Guid(36b02f9ded11447479d70224404a762b) Importer(815301076,1909f56bfc062723c751e8b465ee728b)  -> (artifact id: 'fc7b50ee895daf64aa5561c6d903c699') in 0.021736 seconds
  Import took 0.026067 seconds .

========================================================================
Received Import Request.
  Time since last request: 163.647114 seconds.
  path: Assets/EgyptMonsters/Effects/Eagles/Eagle_Scratch.png
  artifactKey: Guid(baafe8ada62173e47a60ef975cc11c8a) Importer(815301076,1909f56bfc062723c751e8b465ee728b)
Start importing Assets/EgyptMonsters/Effects/Eagles/Eagle_Scratch.png using Guid(baafe8ada62173e47a60ef975cc11c8a) Importer(815301076,1909f56bfc062723c751e8b465ee728b)  -> (artifact id: '70965e31663882bf9e561fb6b6b086e2') in 0.018761 seconds
  Import took 0.023637 seconds .

========================================================================
Received Import Request.
  Time since last request: 0.000490 seconds.
  path: Assets/Supercyan Free Forest Sample/Textures/SignAndBridge/forestpack_roadSignAndBridge_diffuse.png
  artifactKey: Guid(d1de526d00e4052458506ce20689b585) Importer(815301076,1909f56bfc062723c751e8b465ee728b)
Start importing Assets/Supercyan Free Forest Sample/Textures/SignAndBridge/forestpack_roadSignAndBridge_diffuse.png using Guid(d1de526d00e4052458506ce20689b585) Importer(815301076,1909f56bfc062723c751e8b465ee728b)  -> (artifact id: 'e905d35084d6434f8e1b32813e39c644') in 0.019681 seconds
  Import took 0.025363 seconds .

========================================================================
Received Import Request.
  Time since last request: 0.000364 seconds.
  path: Assets/EgyptMonsters/Effects/Eagles/Eagle_Scratch.png
  artifactKey: Guid(baafe8ada62173e47a60ef975cc11c8a) Importer(815301076,1909f56bfc062723c751e8b465ee728b)
Start importing Assets/EgyptMonsters/Effects/Eagles/Eagle_Scratch.png using Guid(baafe8ada62173e47a60ef975cc11c8a) Importer(815301076,1909f56bfc062723c751e8b465ee728b)  -> (artifact id: '70965e31663882bf9e561fb6b6b086e2') in 0.011365 seconds
  Import took 0.015903 seconds .

========================================================================
Received Import Request.
  Time since last request: 0.000396 seconds.
  path: Assets/Supercyan Free Forest Sample/Textures/Stone/forestpack_stone_diffuse.png
  artifactKey: Guid(c34ec4ea33f41784dada5802e39a8165) Importer(815301076,1909f56bfc062723c751e8b465ee728b)
Start importing Assets/Supercyan Free Forest Sample/Textures/Stone/forestpack_stone_diffuse.png using Guid(c34ec4ea33f41784dada5802e39a8165) Importer(815301076,1909f56bfc062723c751e8b465ee728b)  -> (artifact id: '8e8f1909100634a8c7fab8b2a30a5b0f') in 0.017683 seconds
  Import took 0.021278 seconds .

========================================================================
Received Import Request.
  Time since last request: 0.000346 seconds.
  path: Assets/Supercyan Free Forest Sample/Textures/Foliage/forestpack_foliage_diffuse.png
  artifactKey: Guid(1056b8bf593938a4399e74aa632e2a21) Importer(815301076,1909f56bfc062723c751e8b465ee728b)
Start importing Assets/Supercyan Free Forest Sample/Textures/Foliage/forestpack_foliage_diffuse.png using Guid(1056b8bf593938a4399e74aa632e2a21) Importer(815301076,1909f56bfc062723c751e8b465ee728b)  -> (artifact id: 'f4c497738d1aa5a09e5d9e131a01325b') in 0.013849 seconds
  Import took 0.016984 seconds .

========================================================================
Received Import Request.
  Time since last request: 0.000315 seconds.
  path: Assets/Supercyan Free Forest Sample/Textures/Tree/Fir/forestpack_tree_fir_diffuse.png
  artifactKey: Guid(bf82169728589cb40ab39408bc144c8f) Importer(815301076,1909f56bfc062723c751e8b465ee728b)
Start importing Assets/Supercyan Free Forest Sample/Textures/Tree/Fir/forestpack_tree_fir_diffuse.png using Guid(bf82169728589cb40ab39408bc144c8f) Importer(815301076,1909f56bfc062723c751e8b465ee728b)  -> (artifact id: 'b6a451e7f5546553c7603dfa84c34a16') in 0.018819 seconds
  Import took 0.022626 seconds .

========================================================================
Received Import Request.
  Time since last request: 0.000334 seconds.
  path: Assets/Supercyan Free Forest Sample/Textures/Stone/forestpack_stone_diffuse.png
  artifactKey: Guid(c34ec4ea33f41784dada5802e39a8165) Importer(815301076,1909f56bfc062723c751e8b465ee728b)
Start importing Assets/Supercyan Free Forest Sample/Textures/Stone/forestpack_stone_diffuse.png using Guid(c34ec4ea33f41784dada5802e39a8165) Importer(815301076,1909f56bfc062723c751e8b465ee728b)  -> (artifact id: '8e8f1909100634a8c7fab8b2a30a5b0f') in 0.016915 seconds
  Import took 0.020109 seconds .

========================================================================
Received Import Request.
  Time since last request: 0.007387 seconds.
  path: Assets/Supercyan Free Forest Sample/Textures/Tree/Fir/forestpack_tree_fir_diffuse.png
  artifactKey: Guid(bf82169728589cb40ab39408bc144c8f) Importer(815301076,1909f56bfc062723c751e8b465ee728b)
Start importing Assets/Supercyan Free Forest Sample/Textures/Tree/Fir/forestpack_tree_fir_diffuse.png using Guid(bf82169728589cb40ab39408bc144c8f) Importer(815301076,1909f56bfc062723c751e8b465ee728b)  -> (artifact id: 'b6a451e7f5546553c7603dfa84c34a16') in 0.015604 seconds
  Import took 0.018942 seconds .

========================================================================
Received Import Request.
  Time since last request: 37.757453 seconds.
  path: Assets/Supercyan Free Forest Sample/Prefabs/High Quality/Foliage/Grass/forestpack_foliage_grassPatch_small_1.prefab
  artifactKey: Guid(791c30b04e8fc1e4fbf198c410a652e2) Importer(815301076,1909f56bfc062723c751e8b465ee728b)
Start importing Assets/Supercyan Free Forest Sample/Prefabs/High Quality/Foliage/Grass/forestpack_foliage_grassPatch_small_1.prefab using Guid(791c30b04e8fc1e4fbf198c410a652e2) Importer(815301076,1909f56bfc062723c751e8b465ee728b)  -> (artifact id: '18d4437739a4ff91e86dfb1d35b06381') in 0.020951 seconds
  Import took 0.025824 seconds .

========================================================================
Received Import Request.
  Time since last request: 0.000333 seconds.
  path: Assets/Supercyan Free Forest Sample/Prefabs/High Quality/Foliage/Mushroom/forestpack_foliage_mushroom_blue_big.prefab
  artifactKey: Guid(3a9df2c30188f10438112114dc22bae1) Importer(815301076,1909f56bfc062723c751e8b465ee728b)
Start importing Assets/Supercyan Free Forest Sample/Prefabs/High Quality/Foliage/Mushroom/forestpack_foliage_mushroom_blue_big.prefab using Guid(3a9df2c30188f10438112114dc22bae1) Importer(815301076,1909f56bfc062723c751e8b465ee728b)  -> (artifact id: 'c9409f3099edb4df483b173e965f5dca') in 0.017366 seconds
  Import took 0.020989 seconds .

========================================================================
Received Import Request.
  Time since last request: 0.000387 seconds.
  path: Assets/Supercyan Free Forest Sample/Prefabs/High Quality/Foliage/Mushroom/forestpack_foliage_mushroom_red_small.prefab
  artifactKey: Guid(da33a1bfeaaabaa4597896ca7003b785) Importer(815301076,1909f56bfc062723c751e8b465ee728b)
Start importing Assets/Supercyan Free Forest Sample/Prefabs/High Quality/Foliage/Mushroom/forestpack_foliage_mushroom_red_small.prefab using Guid(da33a1bfeaaabaa4597896ca7003b785) Importer(815301076,1909f56bfc062723c751e8b465ee728b)  -> (artifact id: '4db7af4d8fd7fd23288ab147c8d0d98a') in 0.016349 seconds
  Import took 0.021945 seconds .

========================================================================
Received Import Request.
  Time since last request: 0.000333 seconds.
  path: Assets/Supercyan Free Forest Sample/Prefabs/High Quality/Foliage/Grass/forestpack_foliage_grassPatch_small_2.prefab
  artifactKey: Guid(b3425777f1700b249a15eea0ea8f0bbc) Importer(815301076,1909f56bfc062723c751e8b465ee728b)
Start importing Assets/Supercyan Free Forest Sample/Prefabs/High Quality/Foliage/Grass/forestpack_foliage_grassPatch_small_2.prefab using Guid(b3425777f1700b249a15eea0ea8f0bbc) Importer(815301076,1909f56bfc062723c751e8b465ee728b)  -> (artifact id: 'b581dfd5d92d6c794e3058232e7525e6') in 0.016246 seconds
  Import took 0.020450 seconds .

========================================================================
Received Import Request.
  Time since last request: 68.390424 seconds.
  path: Assets/Supercyan Free Forest Sample/Textures/Tree/Leaf/forestpack_tree_leaf_diffuse.png
  artifactKey: Guid(7133ca74527ebf543916eb424bcf7fde) Importer(815301076,1909f56bfc062723c751e8b465ee728b)
Start importing Assets/Supercyan Free Forest Sample/Textures/Tree/Leaf/forestpack_tree_leaf_diffuse.png using Guid(7133ca74527ebf543916eb424bcf7fde) Importer(815301076,1909f56bfc062723c751e8b465ee728b)  -> (artifact id: 'db6b974aa465946607f957acde76a3ed') in 0.083111 seconds
  Import took 0.086785 seconds .

========================================================================
Received Import Request.
  Time since last request: 0.002098 seconds.
  path: Assets/Supercyan Free Forest Sample/Textures/Tree/Leaf/forestpack_tree_leaf_diffuse.png
  artifactKey: Guid(7133ca74527ebf543916eb424bcf7fde) Importer(815301076,1909f56bfc062723c751e8b465ee728b)
Start importing Assets/Supercyan Free Forest Sample/Textures/Tree/Leaf/forestpack_tree_leaf_diffuse.png using Guid(7133ca74527ebf543916eb424bcf7fde) Importer(815301076,1909f56bfc062723c751e8b465ee728b)  -> (artifact id: 'db6b974aa465946607f957acde76a3ed') in 0.075748 seconds
  Import took 0.079264 seconds .

========================================================================
Received Prepare
Registering precompiled user dll's ...
Registered in 0.008534 seconds.
Begin MonoManager ReloadAssembly
Native extension for LinuxStandalone target not found
Native extension for WindowsStandalone target not found
Refreshing native plugins compatible for Editor in 0.43 ms, found 2 plugins.
Preloading 0 native plugins for Editor in 0.00 ms.
Mono: successfully reloaded assembly
- Completed reload, in  2.203 seconds
Platform modules already initialized, skipping
Switching build target platform(19) subTarget(0) extendedPlatform(0) -> platform(13) subTarget(537395200) extendedPlatform(0)
Refreshing native plugins compatible for Editor in 0.47 ms, found 2 plugins.
Preloading 0 native plugins for Editor in 0.00 ms.
Unloading 1389 Unused Serialized files (Serialized files now loaded: 0)
System memory in use before: 75.2 MB.
System memory in use after: 75.3 MB.

Unloading 14 unused Assets to reduce memory usage. Loaded Objects now: 1855.
Total: 2.700700 ms (FindLiveObjects: 0.213800 ms CreateObjectMapping: 0.108900 ms MarkObjects: 2.294100 ms  DeleteObjects: 0.082500 ms)

AssetImportParameters requested are different than current active one (requested -> active):
  custom:graphics/normal-map-encoding: 01000000000000000000000000000000 -> 02000000000000000000000000000000
========================================================================
Received Prepare
Refreshing native plugins compatible for Editor in 10.08 ms, found 2 plugins.
Preloading 0 native plugins for Editor in 0.00 ms.
Unloading 12 Unused Serialized files (Serialized files now loaded: 0)
System memory in use before: 48.4 MB.
System memory in use after: 48.5 MB.

Unloading 12 unused Assets to reduce memory usage. Loaded Objects now: 1855.
Total: 2.419100 ms (FindLiveObjects: 0.195800 ms CreateObjectMapping: 0.096300 ms MarkObjects: 2.049900 ms  DeleteObjects: 0.076000 ms)

========================================================================
Received Import Request.
  Time since last request: 471.502040 seconds.
  path: Assets/TesteMovimento.cs
  artifactKey: Guid(3da9dd01627352f49b2cbb1059558d8c) Importer(815301076,1909f56bfc062723c751e8b465ee728b)
Start importing Assets/TesteMovimento.cs using Guid(3da9dd01627352f49b2cbb1059558d8c) Importer(815301076,1909f56bfc062723c751e8b465ee728b)  -> (artifact id: '802f2ebd1dfcd90f167a67b7312cb0d4') in 0.017683 seconds
  Import took 0.022440 seconds .

========================================================================
Received Prepare
Refreshing native plugins compatible for Editor in 6.54 ms, found 2 plugins.
Preloading 0 native plugins for Editor in 0.00 ms.
Unloading 12 Unused Serialized files (Serialized files now loaded: 0)
System memory in use before: 48.4 MB.
System memory in use after: 48.5 MB.

Unloading 12 unused Assets to reduce memory usage. Loaded Objects now: 1855.
Total: 3.327300 ms (FindLiveObjects: 0.192300 ms CreateObjectMapping: 0.095200 ms MarkObjects: 2.966200 ms  DeleteObjects: 0.072400 ms)

AssetImportWorkerClient::OnTransportError - code=2 error=End of file
